==========================================================================================
Information: 
Exchange parameters generated by TB2J 0.2.7.
==========================================================================================
Cell (Angstrom):
 3.804  -0.000   0.000
-0.000   3.804   0.000
 0.000   0.000   3.804

==========================================================================================
Atoms:  
(Note: charge and magmoms only count the wannier functions.)
Atom_number      x         y         z     w_charge    M(x)      M(y)      M(z)   
Sr1             0.0000    0.0000    0.0000    7.1395    0.0000    0.0000   -0.0119
Mn1             1.9022    1.9022    1.9022    6.6388    0.0000    0.0000    2.7011
O1              0.0000    1.9022    1.9022    6.4286    0.0000    0.0000    0.1226
O2              1.9022    0.0000    1.9022    6.4286    0.0000    0.0000    0.1226
O3              1.9022    1.9022    0.0000    6.4286    0.0000    0.0000    0.1225
Total                                        33.0640    0.0000    0.0000    3.0570

==========================================================================================
Exchange: 
    i      j          R        J_iso(meV)          vector          distance(A) 
----------------------------------------------------------------------------------------
   Mn1   Mn1   (  0,  -1,   0) -12.3569   ( 0.000, -3.804,  0.000)  3.804 
J_iso: -12.3569 
[Experimental!] Jprime: -34.878,  B: 11.261
[Experimental!] DMI: ( 0.0000  0.0000 -0.0000)
[Experimental!]J_ani:
[[ 0. -0. -0.]
 [-0.  0. -0.]
 [-0. -0.  0.]]
----------------------------------------------------------------------------------------
   Mn1   Mn1   (  0,   1,   0) -12.3569   ( 0.000,  3.804,  0.000)  3.804 
J_iso: -12.3569 
[Experimental!] Jprime: -34.878,  B: 11.261
[Experimental!] DMI: ( 0.0000  0.0000  0.0000)
[Experimental!]J_ani:
[[ 0. -0. -0.]
 [-0.  0. -0.]
 [-0. -0.  0.]]
----------------------------------------------------------------------------------------
   Mn1   Mn1   (  1,   0,   0) -12.3568   ( 3.804,  0.000,  0.000)  3.804 
J_iso: -12.3568 
[Experimental!] Jprime: -34.878,  B: 11.260
[Experimental!] DMI: ( 0.0000  0.0000  0.0000)
[Experimental!]J_ani:
[[ 0. -0. -0.]
 [-0.  0. -0.]
 [-0. -0.  0.]]
----------------------------------------------------------------------------------------
   Mn1   Mn1   ( -1,   0,   0) -12.3568   (-3.804,  0.000,  0.000)  3.804 
J_iso: -12.3568 
[Experimental!] Jprime: -34.878,  B: 11.260
[Experimental!] DMI: ( 0.0000  0.0000 -0.0000)
[Experimental!]J_ani:
[[ 0. -0. -0.]
 [-0.  0. -0.]
 [-0. -0.  0.]]
----------------------------------------------------------------------------------------
   Mn1   Mn1   (  0,   0,  -1) -12.3559   ( 0.000,  0.000, -3.804)  3.804 
J_iso: -12.3559 
[Experimental!] Jprime: -34.880,  B: 11.262
[Experimental!] DMI: ( 0.0000  0.0000 -0.0000)
[Experimental!]J_ani:
[[ 0. -0. -0.]
 [-0.  0. -0.]
 [-0. -0.  0.]]
----------------------------------------------------------------------------------------
   Mn1   Mn1   (  0,   0,   1) -12.3559   ( 0.000,  0.000,  3.804)  3.804 
J_iso: -12.3559 
[Experimental!] Jprime: -34.880,  B: 11.262
[Experimental!] DMI: ( 0.0000  0.0000  0.0000)
[Experimental!]J_ani:
[[ 0. -0. -0.]
 [-0.  0. -0.]
 [-0. -0.  0.]]
----------------------------------------------------------------------------------------
   Mn1   Mn1   ( -1,  -1,   0) -1.1268   (-3.804, -3.804,  0.000)  5.380 
J_iso: -1.1268 
[Experimental!] Jprime: -2.597,  B: 0.735
[Experimental!] DMI: ( 0.0000  0.0000  0.0000)
[Experimental!]J_ani:
[[ 0. -0. -0.]
 [-0.  0. -0.]
 [-0. -0.  0.]]
----------------------------------------------------------------------------------------
   Mn1   Mn1   (  1,  -1,   0) -1.1270   ( 3.804, -3.804,  0.000)  5.380 
J_iso: -1.1270 
[Experimental!] Jprime: -2.597,  B: 0.735
[Experimental!] DMI: ( 0.0000  0.0000 -0.0000)
[Experimental!]J_ani:
[[ 0. -0. -0.]
 [-0.  0. -0.]
 [-0. -0.  0.]]
----------------------------------------------------------------------------------------
   Mn1   Mn1   (  1,   1,   0) -1.1268   ( 3.804,  3.804,  0.000)  5.380 
J_iso: -1.1268 
[Experimental!] Jprime: -2.597,  B: 0.735
[Experimental!] DMI: ( 0.0000  0.0000 -0.0000)
[Experimental!]J_ani:
[[ 0. -0. -0.]
 [-0.  0. -0.]
 [-0. -0.  0.]]
----------------------------------------------------------------------------------------
   Mn1   Mn1   ( -1,   1,   0) -1.1270   (-3.804,  3.804,  0.000)  5.380 
J_iso: -1.1270 
[Experimental!] Jprime: -2.597,  B: 0.735
[Experimental!] DMI: ( 0.0000  0.0000  0.0000)
[Experimental!]J_ani:
[[ 0. -0. -0.]
 [-0.  0. -0.]
 [-0. -0.  0.]]
----------------------------------------------------------------------------------------
   Mn1   Mn1   (  0,  -1,  -1) -1.1265   ( 0.000, -3.804, -3.804)  5.380 
J_iso: -1.1265 
[Experimental!] Jprime: -2.596,  B: 0.735
[Experimental!] DMI: ( 0.0000  0.0000  0.0000)
[Experimental!]J_ani:
[[ 0. -0. -0.]
 [-0.  0. -0.]
 [-0. -0.  0.]]
----------------------------------------------------------------------------------------
   Mn1   Mn1   (  0,  -1,   1) -1.1267   ( 0.000, -3.804,  3.804)  5.380 
J_iso: -1.1267 
[Experimental!] Jprime: -2.596,  B: 0.734
[Experimental!] DMI: ( 0.0000  0.0000 -0.0000)
[Experimental!]J_ani:
[[ 0. -0. -0.]
 [-0.  0. -0.]
 [-0. -0.  0.]]
----------------------------------------------------------------------------------------
   Mn1   Mn1   (  0,   1,  -1) -1.1267   ( 0.000,  3.804, -3.804)  5.380 
J_iso: -1.1267 
[Experimental!] Jprime: -2.596,  B: 0.734
[Experimental!] DMI: ( 0.0000  0.0000  0.0000)
[Experimental!]J_ani:
[[ 0. -0. -0.]
 [-0.  0. -0.]
 [-0. -0.  0.]]
----------------------------------------------------------------------------------------
   Mn1   Mn1   (  0,   1,   1) -1.1265   ( 0.000,  3.804,  3.804)  5.380 
J_iso: -1.1265 
[Experimental!] Jprime: -2.596,  B: 0.735
[Experimental!] DMI: ( 0.0000  0.0000 -0.0000)
[Experimental!]J_ani:
[[ 0. -0. -0.]
 [-0.  0. -0.]
 [-0. -0.  0.]]
----------------------------------------------------------------------------------------
   Mn1   Mn1   (  1,   0,  -1) -1.1267   ( 3.804,  0.000, -3.804)  5.380 
J_iso: -1.1267 
[Experimental!] Jprime: -2.596,  B: 0.734
[Experimental!] DMI: ( 0.0000  0.0000 -0.0000)
[Experimental!]J_ani:
[[ 0. -0. -0.]
 [-0.  0. -0.]
 [-0. -0.  0.]]
----------------------------------------------------------------------------------------
   Mn1   Mn1   (  1,   0,   1) -1.1265   ( 3.804,  0.000,  3.804)  5.380 
J_iso: -1.1265 
[Experimental!] Jprime: -2.596,  B: 0.735
[Experimental!] DMI: ( 0.0000  0.0000 -0.0000)
[Experimental!]J_ani:
[[ 0. -0. -0.]
 [-0.  0. -0.]
 [-0. -0.  0.]]
----------------------------------------------------------------------------------------
   Mn1   Mn1   ( -1,   0,  -1) -1.1265   (-3.804,  0.000, -3.804)  5.380 
J_iso: -1.1265 
[Experimental!] Jprime: -2.596,  B: 0.735
[Experimental!] DMI: ( 0.0000  0.0000  0.0000)
[Experimental!]J_ani:
[[ 0. -0. -0.]
 [-0.  0. -0.]
 [-0. -0.  0.]]
----------------------------------------------------------------------------------------
   Mn1   Mn1   ( -1,   0,   1) -1.1267   (-3.804,  0.000,  3.804)  5.380 
J_iso: -1.1267 
[Experimental!] Jprime: -2.596,  B: 0.734
[Experimental!] DMI: ( 0.0000  0.0000  0.0000)
[Experimental!]J_ani:
[[ 0. -0. -0.]
 [-0.  0. -0.]
 [-0. -0.  0.]]
----------------------------------------------------------------------------------------
   Mn1   Mn1   ( -1,  -1,  -1)  0.1048   (-3.804, -3.804, -3.804)  6.589 
J_iso:  0.1048 
[Experimental!] Jprime: -0.100,  B: 0.102
[Experimental!] DMI: ( 0.0000  0.0000 -0.0000)
[Experimental!]J_ani:
[[ 0. -0. -0.]
 [-0.  0. -0.]
 [-0. -0.  0.]]
----------------------------------------------------------------------------------------
   Mn1   Mn1   ( -1,  -1,   1)  0.1046   (-3.804, -3.804,  3.804)  6.589 
J_iso:  0.1046 
[Experimental!] Jprime: -0.101,  B: 0.103
[Experimental!] DMI: ( 0.0000  0.0000 -0.0000)
[Experimental!]J_ani:
[[ 0. -0. -0.]
 [-0.  0. -0.]
 [-0. -0.  0.]]
----------------------------------------------------------------------------------------
   Mn1   Mn1   (  1,  -1,  -1)  0.1045   ( 3.804, -3.804, -3.804)  6.589 
J_iso:  0.1045 
[Experimental!] Jprime: -0.101,  B: 0.103
[Experimental!] DMI: ( 0.0000  0.0000  0.0000)
[Experimental!]J_ani:
[[ 0. -0. -0.]
 [-0.  0. -0.]
 [-0. -0.  0.]]
----------------------------------------------------------------------------------------
   Mn1   Mn1   (  1,  -1,   1)  0.1045   ( 3.804, -3.804,  3.804)  6.589 
J_iso:  0.1045 
[Experimental!] Jprime: -0.101,  B: 0.103
[Experimental!] DMI: ( 0.0000  0.0000  0.0000)
[Experimental!]J_ani:
[[ 0. -0. -0.]
 [-0.  0. -0.]
 [-0. -0.  0.]]
----------------------------------------------------------------------------------------
   Mn1   Mn1   (  1,   1,  -1)  0.1046   ( 3.804,  3.804, -3.804)  6.589 
J_iso:  0.1046 
[Experimental!] Jprime: -0.101,  B: 0.103
[Experimental!] DMI: ( 0.0000  0.0000  0.0000)
[Experimental!]J_ani:
[[ 0. -0. -0.]
 [-0.  0. -0.]
 [-0. -0.  0.]]
----------------------------------------------------------------------------------------
   Mn1   Mn1   (  1,   1,   1)  0.1048   ( 3.804,  3.804,  3.804)  6.589 
J_iso:  0.1048 
[Experimental!] Jprime: -0.100,  B: 0.102
[Experimental!] DMI: ( 0.0000  0.0000  0.0000)
[Experimental!]J_ani:
[[ 0. -0. -0.]
 [-0.  0. -0.]
 [-0. -0.  0.]]
----------------------------------------------------------------------------------------
   Mn1   Mn1   ( -1,   1,  -1)  0.1045   (-3.804,  3.804, -3.804)  6.589 
J_iso:  0.1045 
[Experimental!] Jprime: -0.101,  B: 0.103
[Experimental!] DMI: ( 0.0000  0.0000 -0.0000)
[Experimental!]J_ani:
[[ 0. -0. -0.]
 [-0.  0. -0.]
 [-0. -0.  0.]]
----------------------------------------------------------------------------------------
   Mn1   Mn1   ( -1,   1,   1)  0.1045   (-3.804,  3.804,  3.804)  6.589 
J_iso:  0.1045 
[Experimental!] Jprime: -0.101,  B: 0.103
[Experimental!] DMI: ( 0.0000  0.0000 -0.0000)
[Experimental!]J_ani:
[[ 0. -0. -0.]
 [-0.  0. -0.]
 [-0. -0.  0.]]
----------------------------------------------------------------------------------------
   Mn1   Mn1   (  0,  -2,   0)  2.5257   ( 0.000, -7.609,  0.000)  7.609 
J_iso:  2.5257 
[Experimental!] Jprime: 2.536,  B: -0.005
[Experimental!] DMI: ( 0.0000  0.0000 -0.0000)
[Experimental!]J_ani:
[[ 0. -0. -0.]
 [-0.  0. -0.]
 [-0. -0.  0.]]
----------------------------------------------------------------------------------------
   Mn1   Mn1   (  0,   2,   0)  2.5257   ( 0.000,  7.609,  0.000)  7.609 
J_iso:  2.5257 
[Experimental!] Jprime: 2.536,  B: -0.005
[Experimental!] DMI: ( 0.0000  0.0000  0.0000)
[Experimental!]J_ani:
[[ 0. -0. -0.]
 [-0.  0. -0.]
 [-0. -0.  0.]]
----------------------------------------------------------------------------------------
   Mn1   Mn1   ( -2,   0,   0)  2.5257   (-7.609,  0.000,  0.000)  7.609 
J_iso:  2.5257 
[Experimental!] Jprime: 2.536,  B: -0.005
[Experimental!] DMI: ( 0.0000  0.0000  0.0000)
[Experimental!]J_ani:
[[ 0. -0. -0.]
 [-0.  0. -0.]
 [-0. -0.  0.]]
----------------------------------------------------------------------------------------
   Mn1   Mn1   (  2,   0,   0)  2.5257   ( 7.609,  0.000,  0.000)  7.609 
J_iso:  2.5257 
[Experimental!] Jprime: 2.536,  B: -0.005
[Experimental!] DMI: ( 0.0000  0.0000 -0.0000)
[Experimental!]J_ani:
[[ 0. -0. -0.]
 [-0.  0. -0.]
 [-0. -0.  0.]]
----------------------------------------------------------------------------------------
   Mn1   Mn1   (  0,   0,  -2)  2.5255   ( 0.000,  0.000, -7.609)  7.609 
J_iso:  2.5255 
[Experimental!] Jprime: 2.535,  B: -0.005
[Experimental!] DMI: ( 0.0000  0.0000 -0.0000)
[Experimental!]J_ani:
[[ 0. -0. -0.]
 [-0.  0. -0.]
 [-0. -0.  0.]]
----------------------------------------------------------------------------------------
   Mn1   Mn1   (  0,   0,   2)  2.5255   ( 0.000,  0.000,  7.609)  7.609 
J_iso:  2.5255 
[Experimental!] Jprime: 2.535,  B: -0.005
[Experimental!] DMI: ( 0.0000  0.0000  0.0000)
[Experimental!]J_ani:
[[ 0. -0. -0.]
 [-0.  0. -0.]
 [-0. -0.  0.]]
