==========================================================================================
Information: 
Executed:  
/Users/hexu/projects/TB2J_dev/TB2J_OpenMX/scripts/openmx2J.py --prefix=openmx --elements Mn
Exchange parameters generated by TB2J 0.9.13.0a2
Generation time: 26/04/05 10:10:32
Using OpenMX data: 
path: /Users/hexu/projects/TB2J_dev/TB2J_OpenMX/examples/SrMnO3_FM_SOC
prefix: openmx
Calculated with TB2J.
==========================================================================================
Cell (Angstrom):
3.80444369  -0.00000000  0.00000000
-0.00000000  3.80444196  0.00000000
0.00000000  0.00000000  3.80444827

==========================================================================================
Atoms:  
(Note: charge and magmoms only count the wannier functions.)
Atom_number        x             y             z       w_charge    M(x)      M(y)      M(z)   
Sr1             0.00000000    0.00000000    0.00000000    9.1981    0.0000   -0.0000   -0.1450
Mn1             1.90222184    1.90222098    1.90222413   14.5089    0.0000    0.0000    3.2490
O1              0.00000000    1.90222098    1.90222413    6.4690   -0.0000    0.0000    0.0127
O2              1.90222184    0.00000000    1.90222413    6.4690   -0.0000   -0.0000    0.0128
O3              1.90222184    1.90222098    0.00000000    6.4689    0.0000    0.0000    0.0127
Total                                                    43.1139    0.0000    0.0000    3.1422

==========================================================================================
Exchange: 
    i      j          R        J_iso(meV)          vector          distance(A) 
----------------------------------------------------------------------------------------
   Mn1   Mn1   (  0,  -1,   0) -9.5038   ( 0.000, -3.804,  0.000)  3.804 
J_iso: -9.5038 
[Testing!] DMI: (-0.0001  0.0000 -0.0000)
[Testing!]J_ani:
[[ 0.003  0.     0.   ]
 [ 0.     0.009 -0.   ]
 [ 0.    -0.    23.071]]
----------------------------------------------------------------------------------------
   Mn1   Mn1   (  0,   1,   0) -9.5038   ( 0.000,  3.804,  0.000)  3.804 
J_iso: -9.5038 
[Testing!] DMI: ( 0.0001 -0.0000  0.0000)
[Testing!]J_ani:
[[ 0.003  0.     0.   ]
 [ 0.     0.009 -0.   ]
 [ 0.    -0.    23.071]]
----------------------------------------------------------------------------------------
   Mn1   Mn1   (  1,   0,   0) -9.5036   ( 3.804,  0.000,  0.000)  3.804 
J_iso: -9.5036 
[Testing!] DMI: ( 0.0000 -0.0001 -0.0000)
[Testing!]J_ani:
[[ 0.009  0.    -0.   ]
 [ 0.     0.003  0.   ]
 [-0.     0.    23.071]]
----------------------------------------------------------------------------------------
   Mn1   Mn1   ( -1,   0,   0) -9.5036   (-3.804,  0.000,  0.000)  3.804 
J_iso: -9.5036 
[Testing!] DMI: (-0.0000  0.0001  0.0000)
[Testing!]J_ani:
[[ 0.009  0.    -0.   ]
 [ 0.     0.003  0.   ]
 [-0.     0.    23.071]]
----------------------------------------------------------------------------------------
   Mn1   Mn1   (  0,   0,  -1) -9.4958   ( 0.000,  0.000, -3.804)  3.804 
J_iso: -9.4958 
[Testing!] DMI: ( 0.0001 -0.0001  0.0000)
[Testing!]J_ani:
[[ 0.015 -0.     0.001]
 [-0.     0.015  0.001]
 [ 0.001  0.001 23.268]]
----------------------------------------------------------------------------------------
   Mn1   Mn1   (  0,   0,   1) -9.4958   ( 0.000,  0.000,  3.804)  3.804 
J_iso: -9.4958 
[Testing!] DMI: (-0.0001  0.0001 -0.0000)
[Testing!]J_ani:
[[ 0.015 -0.     0.001]
 [-0.     0.015  0.001]
 [ 0.001  0.001 23.268]]
----------------------------------------------------------------------------------------
   Mn1   Mn1   ( -1,  -1,   0) -0.8560   (-3.804, -3.804,  0.000)  5.380 
J_iso: -0.8560 
[Testing!] DMI: (-0.0000  0.0000 -0.0000)
[Testing!]J_ani:
[[-0.003 -0.001 -0.   ]
 [-0.001 -0.003 -0.   ]
 [-0.    -0.    -2.557]]
----------------------------------------------------------------------------------------
   Mn1   Mn1   (  1,  -1,   0) -0.8590   ( 3.804, -3.804,  0.000)  5.380 
J_iso: -0.8590 
[Testing!] DMI: ( 0.0000  0.0000 -0.0001)
[Testing!]J_ani:
[[-0.003  0.001  0.   ]
 [ 0.001 -0.003  0.   ]
 [ 0.     0.    -2.544]]
----------------------------------------------------------------------------------------
   Mn1   Mn1   (  1,   1,   0) -0.8560   ( 3.804,  3.804,  0.000)  5.380 
J_iso: -0.8560 
[Testing!] DMI: ( 0.0000 -0.0000  0.0000)
[Testing!]J_ani:
[[-0.003 -0.001 -0.   ]
 [-0.001 -0.003 -0.   ]
 [-0.    -0.    -2.557]]
----------------------------------------------------------------------------------------
   Mn1   Mn1   ( -1,   1,   0) -0.8590   (-3.804,  3.804,  0.000)  5.380 
J_iso: -0.8590 
[Testing!] DMI: (-0.0000 -0.0000  0.0001)
[Testing!]J_ani:
[[-0.003  0.001  0.   ]
 [ 0.001 -0.003  0.   ]
 [ 0.     0.    -2.544]]
----------------------------------------------------------------------------------------
   Mn1   Mn1   (  0,  -1,  -1) -0.8476   ( 0.000, -3.804, -3.804)  5.380 
J_iso: -0.8476 
[Testing!] DMI: ( 0.0000 -0.0000  0.0000)
[Testing!]J_ani:
[[-0.008  0.     0.   ]
 [ 0.    -0.012  0.001]
 [ 0.     0.001 -2.565]]
----------------------------------------------------------------------------------------
   Mn1   Mn1   (  0,  -1,   1) -0.8511   ( 0.000, -3.804,  3.804)  5.380 
J_iso: -0.8511 
[Testing!] DMI: (-0.0003  0.0000  0.0000)
[Testing!]J_ani:
[[-0.008  0.    -0.   ]
 [ 0.    -0.012 -0.001]
 [-0.    -0.001 -2.551]]
----------------------------------------------------------------------------------------
   Mn1   Mn1   (  0,   1,  -1) -0.8511   ( 0.000,  3.804, -3.804)  5.380 
J_iso: -0.8511 
[Testing!] DMI: ( 0.0003 -0.0000 -0.0000)
[Testing!]J_ani:
[[-0.008  0.    -0.   ]
 [ 0.    -0.012 -0.001]
 [-0.    -0.001 -2.551]]
----------------------------------------------------------------------------------------
   Mn1   Mn1   (  0,   1,   1) -0.8476   ( 0.000,  3.804,  3.804)  5.380 
J_iso: -0.8476 
[Testing!] DMI: (-0.0000  0.0000 -0.0000)
[Testing!]J_ani:
[[-0.008  0.     0.   ]
 [ 0.    -0.012  0.001]
 [ 0.     0.001 -2.565]]
----------------------------------------------------------------------------------------
   Mn1   Mn1   (  1,   0,  -1) -0.8511   ( 3.804,  0.000, -3.804)  5.380 
J_iso: -0.8511 
[Testing!] DMI: ( 0.0000 -0.0003  0.0000)
[Testing!]J_ani:
[[-0.012  0.    -0.001]
 [ 0.    -0.008 -0.   ]
 [-0.001 -0.    -2.551]]
----------------------------------------------------------------------------------------
   Mn1   Mn1   (  1,   0,   1) -0.8476   ( 3.804,  0.000,  3.804)  5.380 
J_iso: -0.8476 
[Testing!] DMI: (-0.0000  0.0000  0.0000)
[Testing!]J_ani:
[[-0.012  0.     0.001]
 [ 0.    -0.008  0.   ]
 [ 0.001  0.    -2.565]]
----------------------------------------------------------------------------------------
   Mn1   Mn1   ( -1,   0,  -1) -0.8476   (-3.804,  0.000, -3.804)  5.380 
J_iso: -0.8476 
[Testing!] DMI: ( 0.0000 -0.0000 -0.0000)
[Testing!]J_ani:
[[-0.012  0.     0.001]
 [ 0.    -0.008  0.   ]
 [ 0.001  0.    -2.565]]
----------------------------------------------------------------------------------------
   Mn1   Mn1   ( -1,   0,   1) -0.8511   (-3.804,  0.000,  3.804)  5.380 
J_iso: -0.8511 
[Testing!] DMI: (-0.0000  0.0003 -0.0000)
[Testing!]J_ani:
[[-0.012  0.    -0.001]
 [ 0.    -0.008 -0.   ]
 [-0.001 -0.    -2.551]]
----------------------------------------------------------------------------------------
   Mn1   Mn1   ( -1,  -1,  -1)  0.0508   (-3.804, -3.804, -3.804)  6.589 
J_iso:  0.0508 
[Testing!] DMI: (-0.0000  0.0000 -0.0000)
[Testing!]J_ani:
[[ 0.     0.     0.   ]
 [ 0.     0.     0.   ]
 [ 0.     0.    -0.131]]
----------------------------------------------------------------------------------------
   Mn1   Mn1   ( -1,  -1,   1)  0.0504   (-3.804, -3.804,  3.804)  6.589 
J_iso:  0.0504 
[Testing!] DMI: ( 0.0000  0.0000  0.0000)
[Testing!]J_ani:
[[ 0.    0.   -0.  ]
 [ 0.    0.   -0.  ]
 [-0.   -0.   -0.13]]
----------------------------------------------------------------------------------------
   Mn1   Mn1   (  1,  -1,  -1)  0.0504   ( 3.804, -3.804, -3.804)  6.589 
J_iso:  0.0504 
[Testing!] DMI: ( 0.0000 -0.0000 -0.0000)
[Testing!]J_ani:
[[ 0.   -0.   -0.  ]
 [-0.    0.    0.  ]
 [-0.    0.   -0.13]]
----------------------------------------------------------------------------------------
   Mn1   Mn1   (  1,  -1,   1)  0.0504   ( 3.804, -3.804,  3.804)  6.589 
J_iso:  0.0504 
[Testing!] DMI: (-0.0000  0.0000 -0.0000)
[Testing!]J_ani:
[[ 0.   -0.    0.  ]
 [-0.    0.   -0.  ]
 [ 0.   -0.   -0.13]]
----------------------------------------------------------------------------------------
   Mn1   Mn1   (  1,   1,  -1)  0.0504   ( 3.804,  3.804, -3.804)  6.589 
J_iso:  0.0504 
[Testing!] DMI: (-0.0000 -0.0000 -0.0000)
[Testing!]J_ani:
[[ 0.    0.   -0.  ]
 [ 0.    0.   -0.  ]
 [-0.   -0.   -0.13]]
----------------------------------------------------------------------------------------
   Mn1   Mn1   (  1,   1,   1)  0.0508   ( 3.804,  3.804,  3.804)  6.589 
J_iso:  0.0508 
[Testing!] DMI: ( 0.0000 -0.0000  0.0000)
[Testing!]J_ani:
[[ 0.     0.     0.   ]
 [ 0.     0.     0.   ]
 [ 0.     0.    -0.131]]
----------------------------------------------------------------------------------------
   Mn1   Mn1   ( -1,   1,  -1)  0.0504   (-3.804,  3.804, -3.804)  6.589 
J_iso:  0.0504 
[Testing!] DMI: ( 0.0000 -0.0000  0.0000)
[Testing!]J_ani:
[[ 0.   -0.    0.  ]
 [-0.    0.   -0.  ]
 [ 0.   -0.   -0.13]]
----------------------------------------------------------------------------------------
   Mn1   Mn1   ( -1,   1,   1)  0.0504   (-3.804,  3.804,  3.804)  6.589 
J_iso:  0.0504 
[Testing!] DMI: (-0.0000  0.0000  0.0000)
[Testing!]J_ani:
[[ 0.   -0.   -0.  ]
 [-0.    0.    0.  ]
 [-0.    0.   -0.13]]
----------------------------------------------------------------------------------------
   Mn1   Mn1   (  0,  -2,   0)  0.8924   ( 0.000, -7.609,  0.000)  7.609 
J_iso:  0.8924 
[Testing!] DMI: (-0.0000  0.0000  0.0000)
[Testing!]J_ani:
[[ 0.005 -0.     0.   ]
 [-0.     0.006  0.001]
 [ 0.     0.001  5.87 ]]
----------------------------------------------------------------------------------------
   Mn1   Mn1   (  0,   2,   0)  0.8924   ( 0.000,  7.609,  0.000)  7.609 
J_iso:  0.8924 
[Testing!] DMI: ( 0.0000 -0.0000 -0.0000)
[Testing!]J_ani:
[[ 0.005 -0.     0.   ]
 [-0.     0.006  0.001]
 [ 0.     0.001  5.87 ]]
----------------------------------------------------------------------------------------
   Mn1   Mn1   ( -2,   0,   0)  0.8924   (-7.609,  0.000,  0.000)  7.609 
J_iso:  0.8924 
[Testing!] DMI: (-0.0000  0.0000 -0.0000)
[Testing!]J_ani:
[[ 0.006 -0.     0.001]
 [-0.     0.005  0.   ]
 [ 0.001  0.     5.87 ]]
----------------------------------------------------------------------------------------
   Mn1   Mn1   (  2,   0,   0)  0.8924   ( 7.609,  0.000,  0.000)  7.609 
J_iso:  0.8924 
[Testing!] DMI: ( 0.0000 -0.0000  0.0000)
[Testing!]J_ani:
[[ 0.006 -0.     0.001]
 [-0.     0.005  0.   ]
 [ 0.001  0.     5.87 ]]
----------------------------------------------------------------------------------------
   Mn1   Mn1   (  0,   0,  -2)  0.8998   ( 0.000,  0.000, -7.609)  7.609 
J_iso:  0.8998 
[Testing!] DMI: ( 0.0000 -0.0000  0.0000)
[Testing!]J_ani:
[[ 0.004  0.    -0.001]
 [ 0.     0.004 -0.001]
 [-0.001 -0.001  5.954]]
----------------------------------------------------------------------------------------
   Mn1   Mn1   (  0,   0,   2)  0.8998   ( 0.000,  0.000,  7.609)  7.609 
J_iso:  0.8998 
[Testing!] DMI: (-0.0000  0.0000 -0.0000)
[Testing!]J_ani:
[[ 0.004  0.    -0.001]
 [ 0.     0.004 -0.001]
 [-0.001 -0.001  5.954]]
----------------------------------------------------------------------------------------
   Mn1   Mn1   ( -1,  -2,   0)  0.2179   (-3.804, -7.609,  0.000)  8.507 
J_iso:  0.2179 
[Testing!] DMI: ( 0.0000  0.0000 -0.0000)
[Testing!]J_ani:
[[-0.     0.    -0.   ]
 [ 0.     0.    -0.   ]
 [-0.    -0.    -1.446]]
----------------------------------------------------------------------------------------
   Mn1   Mn1   ( -1,   2,   0)  0.2176   (-3.804,  7.609,  0.000)  8.507 
J_iso:  0.2176 
[Testing!] DMI: ( 0.0000  0.0000  0.0000)
[Testing!]J_ani:
[[-0.    -0.     0.   ]
 [-0.     0.    -0.   ]
 [ 0.    -0.    -1.444]]
----------------------------------------------------------------------------------------
   Mn1   Mn1   (  1,  -2,   0)  0.2176   ( 3.804, -7.609,  0.000)  8.507 
J_iso:  0.2176 
[Testing!] DMI: (-0.0000 -0.0000 -0.0000)
[Testing!]J_ani:
[[-0.    -0.     0.   ]
 [-0.     0.    -0.   ]
 [ 0.    -0.    -1.444]]
----------------------------------------------------------------------------------------
   Mn1   Mn1   (  1,   2,   0)  0.2179   ( 3.804,  7.609,  0.000)  8.507 
J_iso:  0.2179 
[Testing!] DMI: (-0.0000 -0.0000  0.0000)
[Testing!]J_ani:
[[-0.     0.    -0.   ]
 [ 0.     0.    -0.   ]
 [-0.    -0.    -1.446]]
----------------------------------------------------------------------------------------
   Mn1   Mn1   (  0,  -2,  -1)  0.2203   ( 0.000, -7.609, -3.804)  8.507 
J_iso:  0.2203 
[Testing!] DMI: ( 0.0001 -0.0000  0.0000)
[Testing!]J_ani:
[[-0.003  0.     0.   ]
 [ 0.    -0.003  0.034]
 [ 0.     0.034 -1.389]]
----------------------------------------------------------------------------------------
   Mn1   Mn1   (  0,  -2,   1)  0.2200   ( 0.000, -7.609,  3.804)  8.507 
J_iso:  0.2200 
[Testing!] DMI: (-0.0001  0.0000  0.0000)
[Testing!]J_ani:
[[-0.003 -0.    -0.   ]
 [-0.    -0.003 -0.034]
 [-0.    -0.034 -1.386]]
----------------------------------------------------------------------------------------
   Mn1   Mn1   (  0,   2,  -1)  0.2200   ( 0.000,  7.609, -3.804)  8.507 
J_iso:  0.2200 
[Testing!] DMI: ( 0.0001 -0.0000 -0.0000)
[Testing!]J_ani:
[[-0.003 -0.    -0.   ]
 [-0.    -0.003 -0.034]
 [-0.    -0.034 -1.386]]
----------------------------------------------------------------------------------------
   Mn1   Mn1   (  0,   2,   1)  0.2203   ( 0.000,  7.609,  3.804)  8.507 
J_iso:  0.2203 
[Testing!] DMI: (-0.0001  0.0000 -0.0000)
[Testing!]J_ani:
[[-0.003  0.     0.   ]
 [ 0.    -0.003  0.034]
 [ 0.     0.034 -1.389]]
----------------------------------------------------------------------------------------
   Mn1   Mn1   ( -2,  -1,   0)  0.2179   (-7.609, -3.804,  0.000)  8.507 
J_iso:  0.2179 
[Testing!] DMI: (-0.0000 -0.0000  0.0000)
[Testing!]J_ani:
[[ 0.     0.    -0.   ]
 [ 0.    -0.    -0.   ]
 [-0.    -0.    -1.446]]
----------------------------------------------------------------------------------------
   Mn1   Mn1   ( -2,   1,   0)  0.2176   (-7.609,  3.804,  0.000)  8.507 
J_iso:  0.2176 
[Testing!] DMI: ( 0.0000  0.0000  0.0000)
[Testing!]J_ani:
[[ 0.    -0.    -0.   ]
 [-0.    -0.     0.   ]
 [-0.     0.    -1.444]]
----------------------------------------------------------------------------------------
   Mn1   Mn1   (  2,  -1,   0)  0.2176   ( 7.609, -3.804,  0.000)  8.507 
J_iso:  0.2176 
[Testing!] DMI: (-0.0000 -0.0000 -0.0000)
[Testing!]J_ani:
[[ 0.    -0.    -0.   ]
 [-0.    -0.     0.   ]
 [-0.     0.    -1.444]]
----------------------------------------------------------------------------------------
   Mn1   Mn1   (  2,   1,   0)  0.2179   ( 7.609,  3.804,  0.000)  8.507 
J_iso:  0.2179 
[Testing!] DMI: ( 0.0000  0.0000 -0.0000)
[Testing!]J_ani:
[[ 0.     0.    -0.   ]
 [ 0.    -0.    -0.   ]
 [-0.    -0.    -1.446]]
----------------------------------------------------------------------------------------
   Mn1   Mn1   ( -2,   0,  -1)  0.2203   (-7.609,  0.000, -3.804)  8.507 
J_iso:  0.2203 
[Testing!] DMI: ( 0.0000 -0.0001 -0.0000)
[Testing!]J_ani:
[[-0.003  0.     0.034]
 [ 0.    -0.003  0.   ]
 [ 0.034  0.    -1.389]]
----------------------------------------------------------------------------------------
   Mn1   Mn1   ( -2,   0,   1)  0.2200   (-7.609,  0.000,  3.804)  8.507 
J_iso:  0.2200 
[Testing!] DMI: (-0.0000  0.0001 -0.0000)
[Testing!]J_ani:
[[-0.003 -0.    -0.034]
 [-0.    -0.003 -0.   ]
 [-0.034 -0.    -1.386]]
----------------------------------------------------------------------------------------
   Mn1   Mn1   (  2,   0,  -1)  0.2200   ( 7.609,  0.000, -3.804)  8.507 
J_iso:  0.2200 
[Testing!] DMI: ( 0.0000 -0.0001  0.0000)
[Testing!]J_ani:
[[-0.003 -0.    -0.034]
 [-0.    -0.003 -0.   ]
 [-0.034 -0.    -1.386]]
----------------------------------------------------------------------------------------
   Mn1   Mn1   (  2,   0,   1)  0.2203   ( 7.609,  0.000,  3.804)  8.507 
J_iso:  0.2203 
[Testing!] DMI: (-0.0000  0.0001  0.0000)
[Testing!]J_ani:
[[-0.003  0.     0.034]
 [ 0.    -0.003  0.   ]
 [ 0.034  0.    -1.389]]
----------------------------------------------------------------------------------------
   Mn1   Mn1   (  0,  -1,  -2)  0.2230   ( 0.000, -3.804, -7.609)  8.507 
J_iso:  0.2230 
[Testing!] DMI: (-0.0001  0.0000  0.0000)
[Testing!]J_ani:
[[-0.005 -0.    -0.   ]
 [-0.    -0.006 -0.034]
 [-0.    -0.034 -1.443]]
----------------------------------------------------------------------------------------
   Mn1   Mn1   (  0,  -1,   2)  0.2227   ( 0.000, -3.804,  7.609)  8.507 
J_iso:  0.2227 
[Testing!] DMI: (-0.0001  0.0000  0.0000)
[Testing!]J_ani:
[[-0.005  0.    -0.   ]
 [ 0.    -0.006  0.034]
 [-0.     0.034 -1.44 ]]
----------------------------------------------------------------------------------------
   Mn1   Mn1   (  0,   1,  -2)  0.2227   ( 0.000,  3.804, -7.609)  8.507 
J_iso:  0.2227 
[Testing!] DMI: ( 0.0001 -0.0000 -0.0000)
[Testing!]J_ani:
[[-0.005  0.    -0.   ]
 [ 0.    -0.006  0.034]
 [-0.     0.034 -1.44 ]]
----------------------------------------------------------------------------------------
   Mn1   Mn1   (  0,   1,   2)  0.2230   ( 0.000,  3.804,  7.609)  8.507 
J_iso:  0.2230 
[Testing!] DMI: ( 0.0001 -0.0000 -0.0000)
[Testing!]J_ani:
[[-0.005 -0.    -0.   ]
 [-0.    -0.006 -0.034]
 [-0.    -0.034 -1.443]]
----------------------------------------------------------------------------------------
   Mn1   Mn1   ( -1,   0,  -2)  0.2230   (-3.804,  0.000, -7.609)  8.507 
J_iso:  0.2230 
[Testing!] DMI: (-0.0000  0.0001 -0.0000)
[Testing!]J_ani:
[[-0.006 -0.    -0.034]
 [-0.    -0.005 -0.   ]
 [-0.034 -0.    -1.443]]
----------------------------------------------------------------------------------------
   Mn1   Mn1   (  1,   0,  -2)  0.2227   ( 3.804,  0.000, -7.609)  8.507 
J_iso:  0.2227 
[Testing!] DMI: ( 0.0000 -0.0001  0.0000)
[Testing!]J_ani:
[[-0.006  0.     0.034]
 [ 0.    -0.005 -0.   ]
 [ 0.034 -0.    -1.44 ]]
----------------------------------------------------------------------------------------
   Mn1   Mn1   ( -1,   0,   2)  0.2227   (-3.804,  0.000,  7.609)  8.507 
J_iso:  0.2227 
[Testing!] DMI: (-0.0000  0.0001 -0.0000)
[Testing!]J_ani:
[[-0.006  0.     0.034]
 [ 0.    -0.005 -0.   ]
 [ 0.034 -0.    -1.44 ]]
----------------------------------------------------------------------------------------
   Mn1   Mn1   (  1,   0,   2)  0.2230   ( 3.804,  0.000,  7.609)  8.507 
J_iso:  0.2230 
[Testing!] DMI: ( 0.0000 -0.0001  0.0000)
[Testing!]J_ani:
[[-0.006 -0.    -0.034]
 [-0.    -0.005 -0.   ]
 [-0.034 -0.    -1.443]]
----------------------------------------------------------------------------------------
   Mn1   Mn1   ( -1,  -2,  -1)  0.0016   (-3.804, -7.609, -3.804)  9.319 
J_iso:  0.0016 
[Testing!] DMI: ( 0.0000 -0.0000  0.0000)
[Testing!]J_ani:
[[-0.     0.     0.   ]
 [ 0.    -0.     0.   ]
 [ 0.     0.    -0.101]]
----------------------------------------------------------------------------------------
   Mn1   Mn1   ( -1,  -2,   1)  0.0017   (-3.804, -7.609,  3.804)  9.319 
J_iso:  0.0017 
[Testing!] DMI: ( 0.0000  0.0000  0.0000)
[Testing!]J_ani:
[[-0.     0.    -0.   ]
 [ 0.    -0.    -0.   ]
 [-0.    -0.    -0.104]]
----------------------------------------------------------------------------------------
   Mn1   Mn1   ( -1,   2,  -1)  0.0016   (-3.804,  7.609, -3.804)  9.319 
J_iso:  0.0016 
[Testing!] DMI: ( 0.0000 -0.0000  0.0000)
[Testing!]J_ani:
[[-0.    -0.     0.   ]
 [-0.    -0.    -0.   ]
 [ 0.    -0.    -0.103]]
----------------------------------------------------------------------------------------
   Mn1   Mn1   ( -1,   2,   1)  0.0017   (-3.804,  7.609,  3.804)  9.319 
J_iso:  0.0017 
[Testing!] DMI: (-0.0000  0.0000  0.0000)
[Testing!]J_ani:
[[-0.    -0.    -0.   ]
 [-0.    -0.     0.   ]
 [-0.     0.    -0.104]]
----------------------------------------------------------------------------------------
   Mn1   Mn1   (  1,  -2,  -1)  0.0017   ( 3.804, -7.609, -3.804)  9.319 
J_iso:  0.0017 
[Testing!] DMI: ( 0.0000 -0.0000 -0.0000)
[Testing!]J_ani:
[[-0.    -0.    -0.   ]
 [-0.    -0.     0.   ]
 [-0.     0.    -0.104]]
----------------------------------------------------------------------------------------
   Mn1   Mn1   (  1,  -2,   1)  0.0016   ( 3.804, -7.609,  3.804)  9.319 
J_iso:  0.0016 
[Testing!] DMI: (-0.0000  0.0000 -0.0000)
[Testing!]J_ani:
[[-0.    -0.     0.   ]
 [-0.    -0.    -0.   ]
 [ 0.    -0.    -0.103]]
----------------------------------------------------------------------------------------
   Mn1   Mn1   (  1,   2,  -1)  0.0017   ( 3.804,  7.609, -3.804)  9.319 
J_iso:  0.0017 
[Testing!] DMI: (-0.0000 -0.0000 -0.0000)
[Testing!]J_ani:
[[-0.     0.    -0.   ]
 [ 0.    -0.    -0.   ]
 [-0.    -0.    -0.104]]
----------------------------------------------------------------------------------------
   Mn1   Mn1   (  1,   2,   1)  0.0016   ( 3.804,  7.609,  3.804)  9.319 
J_iso:  0.0016 
[Testing!] DMI: (-0.0000  0.0000 -0.0000)
[Testing!]J_ani:
[[-0.     0.     0.   ]
 [ 0.    -0.     0.   ]
 [ 0.     0.    -0.101]]
----------------------------------------------------------------------------------------
   Mn1   Mn1   ( -2,  -1,  -1)  0.0016   (-7.609, -3.804, -3.804)  9.319 
J_iso:  0.0016 
[Testing!] DMI: ( 0.0000 -0.0000 -0.0000)
[Testing!]J_ani:
[[-0.     0.     0.   ]
 [ 0.    -0.     0.   ]
 [ 0.     0.    -0.101]]
----------------------------------------------------------------------------------------
   Mn1   Mn1   ( -2,  -1,   1)  0.0017   (-7.609, -3.804,  3.804)  9.319 
J_iso:  0.0017 
[Testing!] DMI: (-0.0000 -0.0000 -0.0000)
[Testing!]J_ani:
[[-0.     0.    -0.   ]
 [ 0.    -0.    -0.   ]
 [-0.    -0.    -0.104]]
----------------------------------------------------------------------------------------
   Mn1   Mn1   ( -2,   1,  -1)  0.0017   (-7.609,  3.804, -3.804)  9.319 
J_iso:  0.0017 
[Testing!] DMI: ( 0.0000 -0.0000  0.0000)
[Testing!]J_ani:
[[-0.    -0.     0.   ]
 [-0.    -0.    -0.   ]
 [ 0.    -0.    -0.104]]
----------------------------------------------------------------------------------------
   Mn1   Mn1   ( -2,   1,   1)  0.0016   (-7.609,  3.804,  3.804)  9.319 
J_iso:  0.0016 
[Testing!] DMI: (-0.0000  0.0000  0.0000)
[Testing!]J_ani:
[[-0.    -0.    -0.   ]
 [-0.    -0.     0.   ]
 [-0.     0.    -0.103]]
----------------------------------------------------------------------------------------
   Mn1   Mn1   (  2,  -1,  -1)  0.0016   ( 7.609, -3.804, -3.804)  9.319 
J_iso:  0.0016 
[Testing!] DMI: ( 0.0000 -0.0000 -0.0000)
[Testing!]J_ani:
[[-0.    -0.    -0.   ]
 [-0.    -0.     0.   ]
 [-0.     0.    -0.103]]
----------------------------------------------------------------------------------------
   Mn1   Mn1   (  2,  -1,   1)  0.0017   ( 7.609, -3.804,  3.804)  9.319 
J_iso:  0.0017 
[Testing!] DMI: (-0.0000  0.0000 -0.0000)
[Testing!]J_ani:
[[-0.    -0.     0.   ]
 [-0.    -0.    -0.   ]
 [ 0.    -0.    -0.104]]
----------------------------------------------------------------------------------------
   Mn1   Mn1   (  2,   1,  -1)  0.0017   ( 7.609,  3.804, -3.804)  9.319 
J_iso:  0.0017 
[Testing!] DMI: ( 0.0000  0.0000  0.0000)
[Testing!]J_ani:
[[-0.     0.    -0.   ]
 [ 0.    -0.    -0.   ]
 [-0.    -0.    -0.104]]
----------------------------------------------------------------------------------------
   Mn1   Mn1   (  2,   1,   1)  0.0016   ( 7.609,  3.804,  3.804)  9.319 
J_iso:  0.0016 
[Testing!] DMI: (-0.0000  0.0000  0.0000)
[Testing!]J_ani:
[[-0.     0.     0.   ]
 [ 0.    -0.     0.   ]
 [ 0.     0.    -0.101]]
----------------------------------------------------------------------------------------
   Mn1   Mn1   ( -1,  -1,  -2)  0.0016   (-3.804, -3.804, -7.609)  9.319 
J_iso:  0.0016 
[Testing!] DMI: (-0.0000  0.0000 -0.0000)
[Testing!]J_ani:
[[-0.     0.    -0.   ]
 [ 0.    -0.    -0.   ]
 [-0.    -0.    -0.097]]
----------------------------------------------------------------------------------------
   Mn1   Mn1   ( -1,  -1,   2)  0.0015   (-3.804, -3.804,  7.609)  9.319 
J_iso:  0.0015 
[Testing!] DMI: (-0.0000  0.0000  0.0000)
[Testing!]J_ani:
[[-0.   0.   0. ]
 [ 0.  -0.   0. ]
 [ 0.   0.  -0.1]]
----------------------------------------------------------------------------------------
   Mn1   Mn1   ( -1,   1,  -2)  0.0016   (-3.804,  3.804, -7.609)  9.319 
J_iso:  0.0016 
[Testing!] DMI: (-0.0000 -0.0000 -0.0000)
[Testing!]J_ani:
[[-0.  -0.  -0. ]
 [-0.  -0.   0. ]
 [-0.   0.  -0.1]]
----------------------------------------------------------------------------------------
   Mn1   Mn1   ( -1,   1,   2)  0.0016   (-3.804,  3.804,  7.609)  9.319 
J_iso:  0.0016 
[Testing!] DMI: (-0.0000 -0.0000 -0.0000)
[Testing!]J_ani:
[[-0.  -0.   0. ]
 [-0.  -0.  -0. ]
 [ 0.  -0.  -0.1]]
----------------------------------------------------------------------------------------
   Mn1   Mn1   (  1,  -1,  -2)  0.0016   ( 3.804, -3.804, -7.609)  9.319 
J_iso:  0.0016 
[Testing!] DMI: ( 0.0000  0.0000  0.0000)
[Testing!]J_ani:
[[-0.  -0.   0. ]
 [-0.  -0.  -0. ]
 [ 0.  -0.  -0.1]]
----------------------------------------------------------------------------------------
   Mn1   Mn1   (  1,  -1,   2)  0.0016   ( 3.804, -3.804,  7.609)  9.319 
J_iso:  0.0016 
[Testing!] DMI: ( 0.0000  0.0000  0.0000)
[Testing!]J_ani:
[[-0.  -0.  -0. ]
 [-0.  -0.   0. ]
 [-0.   0.  -0.1]]
----------------------------------------------------------------------------------------
   Mn1   Mn1   (  1,   1,  -2)  0.0015   ( 3.804,  3.804, -7.609)  9.319 
J_iso:  0.0015 
[Testing!] DMI: ( 0.0000 -0.0000 -0.0000)
[Testing!]J_ani:
[[-0.   0.   0. ]
 [ 0.  -0.   0. ]
 [ 0.   0.  -0.1]]
----------------------------------------------------------------------------------------
   Mn1   Mn1   (  1,   1,   2)  0.0016   ( 3.804,  3.804,  7.609)  9.319 
J_iso:  0.0016 
[Testing!] DMI: ( 0.0000 -0.0000  0.0000)
[Testing!]J_ani:
[[-0.     0.    -0.   ]
 [ 0.    -0.    -0.   ]
 [-0.    -0.    -0.097]]
----------------------------------------------------------------------------------------
   Mn1   Mn1   ( -2,  -2,   0) -0.0704   (-7.609, -7.609,  0.000) 10.761 
J_iso: -0.0704 
[Testing!] DMI: ( 0.0000 -0.0000  0.0000)
[Testing!]J_ani:
[[ 0.002 -0.    -0.   ]
 [-0.     0.002 -0.   ]
 [-0.    -0.     1.173]]
----------------------------------------------------------------------------------------
   Mn1   Mn1   ( -2,   2,   0) -0.0712   (-7.609,  7.609,  0.000) 10.761 
J_iso: -0.0712 
[Testing!] DMI: ( 0.0000  0.0000  0.0000)
[Testing!]J_ani:
[[0.002 0.    0.   ]
 [0.    0.002 0.   ]
 [0.    0.    1.174]]
----------------------------------------------------------------------------------------
   Mn1   Mn1   (  2,  -2,   0) -0.0712   ( 7.609, -7.609,  0.000) 10.761 
J_iso: -0.0712 
[Testing!] DMI: (-0.0000 -0.0000 -0.0000)
[Testing!]J_ani:
[[0.002 0.    0.   ]
 [0.    0.002 0.   ]
 [0.    0.    1.174]]
----------------------------------------------------------------------------------------
   Mn1   Mn1   (  2,   2,   0) -0.0704   ( 7.609,  7.609,  0.000) 10.761 
J_iso: -0.0704 
[Testing!] DMI: (-0.0000  0.0000 -0.0000)
[Testing!]J_ani:
[[ 0.002 -0.    -0.   ]
 [-0.     0.002 -0.   ]
 [-0.    -0.     1.173]]
----------------------------------------------------------------------------------------
   Mn1   Mn1   (  0,  -2,  -2) -0.0718   ( 0.000, -7.609, -7.609) 10.761 
J_iso: -0.0718 
[Testing!] DMI: ( 0.0000  0.0000  0.0000)
[Testing!]J_ani:
[[ 0.003  0.     0.   ]
 [ 0.     0.004 -0.   ]
 [ 0.    -0.     1.262]]
----------------------------------------------------------------------------------------
   Mn1   Mn1   (  0,   2,  -2) -0.0728   ( 0.000,  7.609, -7.609) 10.761 
J_iso: -0.0728 
[Testing!] DMI: (-0.0001 -0.0000 -0.0000)
[Testing!]J_ani:
[[ 0.003 -0.    -0.   ]
 [-0.     0.004  0.   ]
 [-0.     0.     1.263]]
----------------------------------------------------------------------------------------
   Mn1   Mn1   (  0,  -2,   2) -0.0728   ( 0.000, -7.609,  7.609) 10.761 
J_iso: -0.0728 
[Testing!] DMI: ( 0.0001  0.0000  0.0000)
[Testing!]J_ani:
[[ 0.003 -0.    -0.   ]
 [-0.     0.004  0.   ]
 [-0.     0.     1.263]]
----------------------------------------------------------------------------------------
   Mn1   Mn1   (  0,   2,   2) -0.0718   ( 0.000,  7.609,  7.609) 10.761 
J_iso: -0.0718 
[Testing!] DMI: (-0.0000 -0.0000 -0.0000)
[Testing!]J_ani:
[[ 0.003  0.     0.   ]
 [ 0.     0.004 -0.   ]
 [ 0.    -0.     1.262]]
----------------------------------------------------------------------------------------
   Mn1   Mn1   ( -2,   0,  -2) -0.0718   (-7.609,  0.000, -7.609) 10.761 
J_iso: -0.0718 
[Testing!] DMI: (-0.0000 -0.0000 -0.0000)
[Testing!]J_ani:
[[ 0.004  0.    -0.   ]
 [ 0.     0.003  0.   ]
 [-0.     0.     1.262]]
----------------------------------------------------------------------------------------
   Mn1   Mn1   ( -2,   0,   2) -0.0728   (-7.609,  0.000,  7.609) 10.761 
J_iso: -0.0728 
[Testing!] DMI: (-0.0000 -0.0001 -0.0000)
[Testing!]J_ani:
[[ 0.004 -0.     0.   ]
 [-0.     0.003 -0.   ]
 [ 0.    -0.     1.264]]
----------------------------------------------------------------------------------------
   Mn1   Mn1   (  2,   0,  -2) -0.0728   ( 7.609,  0.000, -7.609) 10.761 
J_iso: -0.0728 
[Testing!] DMI: ( 0.0000  0.0001  0.0000)
[Testing!]J_ani:
[[ 0.004 -0.     0.   ]
 [-0.     0.003 -0.   ]
 [ 0.    -0.     1.264]]
----------------------------------------------------------------------------------------
   Mn1   Mn1   (  2,   0,   2) -0.0718   ( 7.609,  0.000,  7.609) 10.761 
J_iso: -0.0718 
[Testing!] DMI: ( 0.0000  0.0000  0.0000)
[Testing!]J_ani:
[[ 0.004  0.    -0.   ]
 [ 0.     0.003  0.   ]
 [-0.     0.     1.262]]
----------------------------------------------------------------------------------------
   Mn1   Mn1   ( -2,  -2,  -1)  0.0027   (-7.609, -7.609, -3.804) 11.413 
J_iso:  0.0027 
[Testing!] DMI: (-0.0000  0.0000  0.0000)
[Testing!]J_ani:
[[ 0.001 -0.    -0.001]
 [-0.     0.001 -0.001]
 [-0.001 -0.001  0.12 ]]
----------------------------------------------------------------------------------------
   Mn1   Mn1   ( -2,  -2,   1)  0.0027   (-7.609, -7.609,  3.804) 11.413 
J_iso:  0.0027 
[Testing!] DMI: ( 0.0000 -0.0000 -0.0000)
[Testing!]J_ani:
[[ 0.001 -0.     0.001]
 [-0.     0.001  0.001]
 [ 0.001  0.001  0.115]]
----------------------------------------------------------------------------------------
   Mn1   Mn1   ( -2,   2,  -1)  0.0027   (-7.609,  7.609, -3.804) 11.413 
J_iso:  0.0027 
[Testing!] DMI: (-0.0000  0.0000  0.0000)
[Testing!]J_ani:
[[ 0.001  0.    -0.001]
 [ 0.     0.001  0.001]
 [-0.001  0.001  0.116]]
----------------------------------------------------------------------------------------
   Mn1   Mn1   ( -2,   2,   1)  0.0027   (-7.609,  7.609,  3.804) 11.413 
J_iso:  0.0027 
[Testing!] DMI: ( 0.0000 -0.0000  0.0000)
[Testing!]J_ani:
[[ 0.001  0.     0.001]
 [ 0.     0.001 -0.001]
 [ 0.001 -0.001  0.116]]
----------------------------------------------------------------------------------------
   Mn1   Mn1   (  2,  -2,  -1)  0.0027   ( 7.609, -7.609, -3.804) 11.413 
J_iso:  0.0027 
[Testing!] DMI: (-0.0000  0.0000 -0.0000)
[Testing!]J_ani:
[[ 0.001  0.     0.001]
 [ 0.     0.001 -0.001]
 [ 0.001 -0.001  0.116]]
----------------------------------------------------------------------------------------
   Mn1   Mn1   (  2,  -2,   1)  0.0027   ( 7.609, -7.609,  3.804) 11.413 
J_iso:  0.0027 
[Testing!] DMI: ( 0.0000 -0.0000 -0.0000)
[Testing!]J_ani:
[[ 0.001  0.    -0.001]
 [ 0.     0.001  0.001]
 [-0.001  0.001  0.116]]
----------------------------------------------------------------------------------------
   Mn1   Mn1   (  2,   2,  -1)  0.0027   ( 7.609,  7.609, -3.804) 11.413 
J_iso:  0.0027 
[Testing!] DMI: (-0.0000  0.0000  0.0000)
[Testing!]J_ani:
[[ 0.001 -0.     0.001]
 [-0.     0.001  0.001]
 [ 0.001  0.001  0.115]]
----------------------------------------------------------------------------------------
   Mn1   Mn1   (  2,   2,   1)  0.0027   ( 7.609,  7.609,  3.804) 11.413 
J_iso:  0.0027 
[Testing!] DMI: ( 0.0000 -0.0000 -0.0000)
[Testing!]J_ani:
[[ 0.001 -0.    -0.001]
 [-0.     0.001 -0.001]
 [-0.001 -0.001  0.12 ]]
----------------------------------------------------------------------------------------
   Mn1   Mn1   ( -1,  -2,  -2)  0.0032   (-3.804, -7.609, -7.609) 11.413 
J_iso:  0.0032 
[Testing!] DMI: ( 0.0000 -0.0000 -0.0000)
[Testing!]J_ani:
[[ 0.     0.     0.001]
 [ 0.     0.    -0.   ]
 [ 0.001 -0.     0.112]]
----------------------------------------------------------------------------------------
   Mn1   Mn1   ( -1,  -2,   2)  0.0032   (-3.804, -7.609,  7.609) 11.413 
J_iso:  0.0032 
[Testing!] DMI: (-0.0000 -0.0000 -0.0000)
[Testing!]J_ani:
[[ 0.     0.    -0.001]
 [ 0.     0.     0.   ]
 [-0.001  0.     0.109]]
----------------------------------------------------------------------------------------
   Mn1   Mn1   ( -1,   2,  -2)  0.0032   (-3.804,  7.609, -7.609) 11.413 
J_iso:  0.0032 
[Testing!] DMI: ( 0.0000 -0.0000 -0.0000)
[Testing!]J_ani:
[[ 0.    -0.     0.001]
 [-0.     0.     0.   ]
 [ 0.001  0.     0.109]]
----------------------------------------------------------------------------------------
   Mn1   Mn1   ( -1,   2,   2)  0.0032   (-3.804,  7.609,  7.609) 11.413 
J_iso:  0.0032 
[Testing!] DMI: ( 0.0000 -0.0000 -0.0000)
[Testing!]J_ani:
[[ 0.    -0.    -0.001]
 [-0.     0.    -0.   ]
 [-0.001 -0.     0.108]]
----------------------------------------------------------------------------------------
   Mn1   Mn1   (  1,  -2,  -2)  0.0032   ( 3.804, -7.609, -7.609) 11.413 
J_iso:  0.0032 
[Testing!] DMI: (-0.0000  0.0000  0.0000)
[Testing!]J_ani:
[[ 0.    -0.    -0.001]
 [-0.     0.    -0.   ]
 [-0.001 -0.     0.108]]
----------------------------------------------------------------------------------------
   Mn1   Mn1   (  1,  -2,   2)  0.0032   ( 3.804, -7.609,  7.609) 11.413 
J_iso:  0.0032 
[Testing!] DMI: (-0.0000  0.0000  0.0000)
[Testing!]J_ani:
[[ 0.    -0.     0.001]
 [-0.     0.     0.   ]
 [ 0.001  0.     0.109]]
----------------------------------------------------------------------------------------
   Mn1   Mn1   (  1,   2,  -2)  0.0032   ( 3.804,  7.609, -7.609) 11.413 
J_iso:  0.0032 
[Testing!] DMI: ( 0.0000  0.0000  0.0000)
[Testing!]J_ani:
[[ 0.     0.    -0.001]
 [ 0.     0.     0.   ]
 [-0.001  0.     0.109]]
----------------------------------------------------------------------------------------
   Mn1   Mn1   (  1,   2,   2)  0.0032   ( 3.804,  7.609,  7.609) 11.413 
J_iso:  0.0032 
[Testing!] DMI: (-0.0000  0.0000  0.0000)
[Testing!]J_ani:
[[ 0.     0.     0.001]
 [ 0.     0.    -0.   ]
 [ 0.001 -0.     0.112]]
----------------------------------------------------------------------------------------
   Mn1   Mn1   ( -2,  -1,  -2)  0.0032   (-7.609, -3.804, -7.609) 11.413 
J_iso:  0.0032 
[Testing!] DMI: ( 0.0000 -0.0000  0.0000)
[Testing!]J_ani:
[[ 0.     0.    -0.   ]
 [ 0.     0.     0.001]
 [-0.     0.001  0.112]]
----------------------------------------------------------------------------------------
   Mn1   Mn1   ( -2,   1,  -2)  0.0032   (-7.609,  3.804, -7.609) 11.413 
J_iso:  0.0032 
[Testing!] DMI: (-0.0000  0.0000 -0.0000)
[Testing!]J_ani:
[[ 0.    -0.    -0.   ]
 [-0.     0.    -0.001]
 [-0.    -0.001  0.108]]
----------------------------------------------------------------------------------------
   Mn1   Mn1   (  2,  -1,  -2)  0.0032   ( 7.609, -3.804, -7.609) 11.413 
J_iso:  0.0032 
[Testing!] DMI: ( 0.0000 -0.0000  0.0000)
[Testing!]J_ani:
[[ 0.    -0.     0.   ]
 [-0.     0.     0.001]
 [ 0.     0.001  0.109]]
----------------------------------------------------------------------------------------
   Mn1   Mn1   (  2,   1,  -2)  0.0032   ( 7.609,  3.804, -7.609) 11.413 
J_iso:  0.0032 
[Testing!] DMI: (-0.0000 -0.0000 -0.0000)
[Testing!]J_ani:
[[ 0.     0.     0.   ]
 [ 0.     0.    -0.001]
 [ 0.    -0.001  0.109]]
----------------------------------------------------------------------------------------
   Mn1   Mn1   ( -2,  -1,   2)  0.0032   (-7.609, -3.804,  7.609) 11.413 
J_iso:  0.0032 
[Testing!] DMI: ( 0.0000  0.0000  0.0000)
[Testing!]J_ani:
[[ 0.     0.     0.   ]
 [ 0.     0.    -0.001]
 [ 0.    -0.001  0.109]]
----------------------------------------------------------------------------------------
   Mn1   Mn1   ( -2,   1,   2)  0.0032   (-7.609,  3.804,  7.609) 11.413 
J_iso:  0.0032 
[Testing!] DMI: (-0.0000  0.0000 -0.0000)
[Testing!]J_ani:
[[ 0.    -0.     0.   ]
 [-0.     0.     0.001]
 [ 0.     0.001  0.109]]
----------------------------------------------------------------------------------------
   Mn1   Mn1   (  2,  -1,   2)  0.0032   ( 7.609, -3.804,  7.609) 11.413 
J_iso:  0.0032 
[Testing!] DMI: ( 0.0000 -0.0000  0.0000)
[Testing!]J_ani:
[[ 0.    -0.    -0.   ]
 [-0.     0.    -0.001]
 [-0.    -0.001  0.108]]
----------------------------------------------------------------------------------------
   Mn1   Mn1   (  2,   1,   2)  0.0032   ( 7.609,  3.804,  7.609) 11.413 
J_iso:  0.0032 
[Testing!] DMI: (-0.0000  0.0000 -0.0000)
[Testing!]J_ani:
[[ 0.     0.    -0.   ]
 [ 0.     0.     0.001]
 [-0.     0.001  0.112]]
----------------------------------------------------------------------------------------
   Mn1   Mn1   ( -2,  -2,  -2)  0.0003   (-7.609, -7.609, -7.609) 13.179 
J_iso:  0.0003 
[Testing!] DMI: (-0.0000  0.0000  0.0000)
[Testing!]J_ani:
[[ 0.002  0.    -0.   ]
 [ 0.     0.002 -0.   ]
 [-0.    -0.     1.063]]
----------------------------------------------------------------------------------------
   Mn1   Mn1   ( -2,   2,  -2)  0.0003   (-7.609,  7.609, -7.609) 13.179 
J_iso:  0.0003 
[Testing!] DMI: (-0.0000  0.0000  0.0000)
[Testing!]J_ani:
[[ 0.002 -0.    -0.   ]
 [-0.     0.002  0.   ]
 [-0.     0.     1.06 ]]
----------------------------------------------------------------------------------------
   Mn1   Mn1   (  2,  -2,  -2)  0.0003   ( 7.609, -7.609, -7.609) 13.179 
J_iso:  0.0003 
[Testing!] DMI: (-0.0000  0.0000 -0.0000)
[Testing!]J_ani:
[[ 0.002 -0.     0.   ]
 [-0.     0.002 -0.   ]
 [ 0.    -0.     1.06 ]]
----------------------------------------------------------------------------------------
   Mn1   Mn1   (  2,   2,  -2)  0.0003   ( 7.609,  7.609, -7.609) 13.179 
J_iso:  0.0003 
[Testing!] DMI: (-0.0000  0.0000  0.0000)
[Testing!]J_ani:
[[0.002 0.    0.   ]
 [0.    0.002 0.   ]
 [0.    0.    1.06 ]]
----------------------------------------------------------------------------------------
   Mn1   Mn1   ( -2,  -2,   2)  0.0003   (-7.609, -7.609,  7.609) 13.179 
J_iso:  0.0003 
[Testing!] DMI: ( 0.0000 -0.0000 -0.0000)
[Testing!]J_ani:
[[0.002 0.    0.   ]
 [0.    0.002 0.   ]
 [0.    0.    1.06 ]]
----------------------------------------------------------------------------------------
   Mn1   Mn1   ( -2,   2,   2)  0.0003   (-7.609,  7.609,  7.609) 13.179 
J_iso:  0.0003 
[Testing!] DMI: ( 0.0000 -0.0000  0.0000)
[Testing!]J_ani:
[[ 0.002 -0.     0.   ]
 [-0.     0.002 -0.   ]
 [ 0.    -0.     1.06 ]]
----------------------------------------------------------------------------------------
   Mn1   Mn1   (  2,  -2,   2)  0.0003   ( 7.609, -7.609,  7.609) 13.179 
J_iso:  0.0003 
[Testing!] DMI: ( 0.0000 -0.0000 -0.0000)
[Testing!]J_ani:
[[ 0.002 -0.    -0.   ]
 [-0.     0.002  0.   ]
 [-0.     0.     1.06 ]]
----------------------------------------------------------------------------------------
   Mn1   Mn1   (  2,   2,   2)  0.0003   ( 7.609,  7.609,  7.609) 13.179 
J_iso:  0.0003 
[Testing!] DMI: ( 0.0000 -0.0000 -0.0000)
[Testing!]J_ani:
[[ 0.002  0.    -0.   ]
 [ 0.     0.002 -0.   ]
 [-0.    -0.     1.063]]
